<?xml version="1.0" encoding="UTF-8"?>
<testsuite name="hello.core.member.MemberServiceTest" tests="1" skipped="0" failures="0" errors="0" timestamp="2024-03-08T05:24:44" hostname="gwonhoemin-ui-MacBookAir.local" time="0.022">
  <properties/>
  <testcase name="join()" classname="hello.core.member.MemberServiceTest" time="0.022"/>
  <system-out><![CDATA[]]></system-out>
  <system-err><![CDATA[]]></system-err>
</testsuite>
